  3.35462628e-04  -5.96191597e+03
  3.38834083e-04  -5.90259392e+03
  3.42239423e-04  -5.84386213e+03
  3.45678986e-04  -5.78571473e+03
  3.49153117e-04  -5.72814591e+03
  3.52662165e-04  -5.67114990e+03
  3.56206478e-04  -5.61472102e+03
  3.59786413e-04  -5.55885361e+03
  3.63402326e-04  -5.50354209e+03
  3.67054581e-04  -5.44878093e+03
  3.70743540e-04  -5.39456466e+03
  3.74469575e-04  -5.34088784e+03
  3.78233057e-04  -5.28774512e+03
  3.82034362e-04  -5.23513118e+03
  3.85873871e-04  -5.18304075e+03
  3.89751968e-04  -5.13146863e+03
  3.93669041e-04  -5.08040967e+03
  3.97625480e-04  -5.02985875e+03
  4.01621683e-04  -4.97981082e+03
  4.05658048e-04  -4.93026087e+03
  4.09734979e-04  -4.88120396e+03
  4.13852884e-04  -4.83263516e+03
  4.18012175e-04  -4.78454964e+03
  4.22213267e-04  -4.73694258e+03
  4.26456581e-04  -4.68980921e+03
  4.30742541e-04  -4.64314483e+03
  4.35071575e-04  -4.59694477e+03
  4.39444117e-04  -4.55120440e+03
  4.43860604e-04  -4.50591916e+03
  4.48321477e-04  -4.46108452e+03
  4.52827183e-04  -4.41669598e+03
  4.57378172e-04  -4.37274912e+03
  4.61974899e-04  -4.32923954e+03
  4.66617824e-04  -4.28616289e+03
  4.71307411e-04  -4.24351486e+03
  4.76044129e-04  -4.20129118e+03
  4.80828452e-04  -4.15948763e+03
  4.85660858e-04  -4.11810004e+03
  4.90541831e-04  -4.07712426e+03
  4.95471858e-04  -4.03655620e+03
  5.00451433e-04  -3.99639179e+03
  5.05481054e-04  -3.95662703e+03
  5.10561223e-04  -3.91725793e+03
  5.15692449e-04  -3.87828056e+03
  5.20875244e-04  -3.83969103e+03
  5.26110127e-04  -3.80148546e+03
  5.31397622e-04  -3.76366005e+03
  5.36738257e-04  -3.72621101e+03
  5.42132566e-04  -3.68913459e+03
  5.47581089e-04  -3.65242709e+03
  5.53084370e-04  -3.61608483e+03
  5.58642960e-04  -3.58010418e+03
  5.64257416e-04  -3.54448155e+03
  5.69928297e-04  -3.50921337e+03
  5.75656171e-04  -3.47429611e+03
  5.81441612e-04  -3.43972629e+03
  5.87285198e-04  -3.40550044e+03
  5.93187512e-04  -3.37161515e+03
  5.99149146e-04  -3.33806702e+03
  6.05170695e-04  -3.30485269e+03
  6.11252761e-04  -3.27196886e+03
  6.17395954e-04  -3.23941223e+03
  6.23600886e-04  -3.20717954e+03
  6.29868179e-04  -3.17526757e+03
  6.36198460e-04  -3.14367313e+03
  6.42592360e-04  -3.11239306e+03
  6.49050521e-04  -3.08142423e+03
  6.55573587e-04  -3.05076354e+03
  6.62162211e-04  -3.02040794e+03
  6.68817052e-04  -2.99035438e+03
  6.75538775e-04  -2.96059986e+03
  6.82328053e-04  -2.93114139e+03
  6.89185564e-04  -2.90197605e+03
  6.96111994e-04  -2.87310091e+03
  7.03108036e-04  -2.84451307e+03
  7.10174389e-04  -2.81620970e+03
  7.17311760e-04  -2.78818794e+03
  7.24520863e-04  -2.76044501e+03
  7.31802419e-04  -2.73297812e+03
  7.39157155e-04  -2.70578453e+03
  7.46585808e-04  -2.67886153e+03
  7.54089120e-04  -2.65220641e+03
  7.61667842e-04  -2.62581652e+03
  7.69322731e-04  -2.59968921e+03
  7.77054553e-04  -2.57382187e+03
  7.84864081e-04  -2.54821191e+03
  7.92752096e-04  -2.52285678e+03
  8.00719387e-04  -2.49775393e+03
  8.08766751e-04  -2.47290087e+03
  8.16894992e-04  -2.44829509e+03
  8.25104923e-04  -2.42393415e+03
  8.33397366e-04  -2.39981560e+03
  8.41773148e-04  -2.37593704e+03
  8.50233109e-04  -2.35229607e+03
  8.58778094e-04  -2.32889033e+03
  8.67408957e-04  -2.30571749e+03
  8.76126562e-04  -2.28277521e+03
  8.84931781e-04  -2.26006122e+03
  8.93825493e-04  -2.23757324e+03
  9.02808588e-04  -2.21530901e+03
  9.11881966e-04  -2.19326632e+03
  9.21046532e-04  -2.17144295e+03
  9.30303203e-04  -2.14983673e+03
  9.39652906e-04  -2.12844550e+03
  9.49096575e-04  -2.10726711e+03
  9.58635154e-04  -2.08629946e+03
  9.68269597e-04  -2.06554043e+03
  9.78000868e-04  -2.04498796e+03
  9.87829941e-04  -2.02463999e+03
  9.97757796e-04  -2.00449448e+03
  1.00778543e-03  -1.98454943e+03
  1.01791384e-03  -1.96480283e+03
  1.02814405e-03  -1.94525272e+03
  1.03847706e-03  -1.92589713e+03
  1.04891393e-03  -1.90673413e+03
  1.05945569e-03  -1.88776181e+03
  1.07010340e-03  -1.86897827e+03
  1.08085812e-03  -1.85038162e+03
  1.09172092e-03  -1.83197002e+03
  1.10269290e-03  -1.81374161e+03
  1.11377515e-03  -1.79569458e+03
  1.12496877e-03  -1.77782712e+03
  1.13627490e-03  -1.76013745e+03
  1.14769465e-03  -1.74262379e+03
  1.15922917e-03  -1.72528439e+03
  1.17087962e-03  -1.70811753e+03
  1.18264716e-03  -1.69112147e+03
  1.19453296e-03  -1.67429453e+03
  1.20653821e-03  -1.65763502e+03
  1.21866412e-03  -1.64114128e+03
  1.23091190e-03  -1.62481165e+03
  1.24328277e-03  -1.60864450e+03
  1.25577797e-03  -1.59263822e+03
  1.26839875e-03  -1.57679121e+03
  1.28114637e-03  -1.56110187e+03
  1.29402211e-03  -1.54556865e+03
  1.30702724e-03  -1.53018999e+03
  1.32016309e-03  -1.51496434e+03
  1.33343095e-03  -1.49989019e+03
  1.34683215e-03  -1.48496604e+03
  1.36036804e-03  -1.47019038e+03
  1.37403996e-03  -1.45556174e+03
  1.38784929e-03  -1.44107866e+03
  1.40179741e-03  -1.42673969e+03
  1.41588571e-03  -1.41254339e+03
  1.43011560e-03  -1.39848835e+03
  1.44448850e-03  -1.38457316e+03
  1.45900585e-03  -1.37079642e+03
  1.47366910e-03  -1.35715677e+03
  1.48847972e-03  -1.34365284e+03
  1.50343919e-03  -1.33028327e+03
  1.51854901e-03  -1.31704673e+03
  1.53381068e-03  -1.30394189e+03
  1.54922573e-03  -1.29096745e+03
  1.56479571e-03  -1.27812211e+03
  1.58052217e-03  -1.26540459e+03
  1.59640668e-03  -1.25281360e+03
  1.61245083e-03  -1.24034790e+03
  1.62865623e-03  -1.22800623e+03
  1.64502450e-03  -1.21578736e+03
  1.66155727e-03  -1.20369008e+03
  1.67825620e-03  -1.19171316e+03
  1.69512296e-03  -1.17985542e+03
  1.71215923e-03  -1.16811566e+03
  1.72936671e-03  -1.15649271e+03
  1.74674714e-03  -1.14498542e+03
  1.76430224e-03  -1.13359262e+03
  1.78203377e-03  -1.12231319e+03
  1.79994351e-03  -1.11114598e+03
  1.81803324e-03  -1.10008990e+03
  1.83630478e-03  -1.08914382e+03
  1.85475995e-03  -1.07830666e+03
  1.87340059e-03  -1.06757733e+03
  1.89222858e-03  -1.05695476e+03
  1.91124580e-03  -1.04643788e+03
  1.93045414e-03  -1.03602565e+03
  1.94985552e-03  -1.02571702e+03
  1.96945190e-03  -1.01551097e+03
  1.98924522e-03  -1.00540646e+03
  2.00923746e-03  -9.95402503e+02
  2.02943064e-03  -9.85498082e+02
  2.04982675e-03  -9.75692212e+02
  2.07042785e-03  -9.65983913e+02
  2.09123600e-03  -9.56372212e+02
  2.11225327e-03  -9.46856150e+02
  2.13348177e-03  -9.37434774e+02
  2.15492362e-03  -9.28107142e+02
  2.17658096e-03  -9.18872321e+02
  2.19845596e-03  -9.09729389e+02
  2.22055081e-03  -9.00677430e+02
  2.24286772e-03  -8.91715540e+02
  2.26540891e-03  -8.82842822e+02
  2.28817665e-03  -8.74058389e+02
  2.31117321e-03  -8.65361363e+02
  2.33440089e-03  -8.56750874e+02
  2.35786201e-03  -8.48226060e+02
  2.38155891e-03  -8.39786070e+02
  2.40549398e-03  -8.31430059e+02
  2.42966960e-03  -8.23157191e+02
  2.45408818e-03  -8.14966641e+02
  2.47875218e-03  -8.06857587e+02
  2.50366405e-03  -7.98829220e+02
  2.52882629e-03  -7.90880736e+02
  2.55424142e-03  -7.83011341e+02
  2.57991197e-03  -7.75220248e+02
  2.60584052e-03  -7.67506678e+02
  2.63202965e-03  -7.59869859e+02
  2.65848199e-03  -7.52309028e+02
  2.68520018e-03  -7.44823428e+02
  2.71218689e-03  -7.37412311e+02
  2.73944482e-03  -7.30074936e+02
  2.76697670e-03  -7.22810569e+02
  2.79478528e-03  -7.15618483e+02
  2.82287333e-03  -7.08497961e+02
  2.85124368e-03  -7.01448288e+02
  2.87989916e-03  -6.94468761e+02
  2.90884263e-03  -6.87558681e+02
  2.93807698e-03  -6.80717358e+02
  2.96760514e-03  -6.73944107e+02
  2.99743007e-03  -6.67238251e+02
  3.02755475e-03  -6.60599120e+02
  3.05798218e-03  -6.54026049e+02
  3.08871541e-03  -6.47518381e+02
  3.11975751e-03  -6.41075465e+02
  3.15111160e-03  -6.34696658e+02
  3.18278080e-03  -6.28381321e+02
  3.21476828e-03  -6.22128822e+02
  3.24707723e-03  -6.15938537e+02
  3.27971090e-03  -6.09809846e+02
  3.31267254e-03  -6.03742137e+02
  3.34596546e-03  -5.97734802e+02
  3.37959297e-03  -5.91787241e+02
  3.41355844e-03  -5.85898860e+02
  3.44786528e-03  -5.80069069e+02
  3.48251690e-03  -5.74297285e+02
  3.51751677e-03  -5.68582932e+02
  3.55286841e-03  -5.62925437e+02
  3.58857533e-03  -5.57324235e+02
  3.62464111e-03  -5.51778766e+02
  3.66106936e-03  -5.46288476e+02
  3.69786372e-03  -5.40852815e+02
  3.73502786e-03  -5.35471239e+02
  3.77256552e-03  -5.30143212e+02
  3.81048043e-03  -5.24868198e+02
  3.84877640e-03  -5.19645673e+02
  3.88745724e-03  -5.14475112e+02
  3.92652684e-03  -5.09355999e+02
  3.96598909e-03  -5.04287822e+02
  4.00584794e-03  -4.99270074e+02
  4.04610738e-03  -4.94302254e+02
  4.08677144e-03  -4.89383865e+02
  4.12784417e-03  -4.84514414e+02
  4.16932970e-03  -4.79693415e+02
  4.21123216e-03  -4.74920386e+02
  4.25355574e-03  -4.70194849e+02
  4.29630469e-03  -4.65516332e+02
  4.33948327e-03  -4.60884367e+02
  4.38309580e-03  -4.56298491e+02
  4.42714665e-03  -4.51758245e+02
  4.47164021e-03  -4.47263175e+02
  4.51658094e-03  -4.42812832e+02
  4.56197334e-03  -4.38406771e+02
  4.60782193e-03  -4.34044551e+02
  4.65413131e-03  -4.29725735e+02
  4.70090611e-03  -4.25449893e+02
  4.74815100e-03  -4.21216596e+02
  4.79587071e-03  -4.17025421e+02
  4.84407001e-03  -4.12875948e+02
  4.89275373e-03  -4.08767764e+02
  4.94192672e-03  -4.04700457e+02
  4.99159391e-03  -4.00673620e+02
  5.04176026e-03  -3.96686851e+02
  5.09243079e-03  -3.92739751e+02
  5.14361057e-03  -3.88831925e+02
  5.19530472e-03  -3.84962983e+02
  5.24751840e-03  -3.81132537e+02
  5.30025684e-03  -3.77340205e+02
  5.35352530e-03  -3.73585607e+02
  5.40732913e-03  -3.69868368e+02
  5.46167369e-03  -3.66188116e+02
  5.51656442e-03  -3.62544484e+02
  5.57200681e-03  -3.58937106e+02
  5.62800641e-03  -3.55365622e+02
  5.68456882e-03  -3.51829675e+02
  5.74169969e-03  -3.48328911e+02
  5.79940473e-03  -3.44862981e+02
  5.85768971e-03  -3.41431537e+02
  5.91656047e-03  -3.38034236e+02
  5.97602290e-03  -3.34670739e+02
  6.03608292e-03  -3.31340710e+02
  6.09674657e-03  -3.28043815e+02
  6.15801989e-03  -3.24779724e+02
  6.21990902e-03  -3.21548112e+02
  6.28242014e-03  -3.18348655e+02
  6.34555951e-03  -3.15181033e+02
  6.40933345e-03  -3.12044929e+02
  6.47374832e-03  -3.08940030e+02
  6.53881057e-03  -3.05866025e+02
  6.60452671e-03  -3.02822608e+02
  6.67090331e-03  -2.99809472e+02
  6.73794700e-03  -2.96826318e+02
  6.80566449e-03  -2.93872847e+02
  6.87406256e-03  -2.90948763e+02
  6.94314803e-03  -2.88053775e+02
  7.01292783e-03  -2.85187592e+02
  7.08340893e-03  -2.82349928e+02
  7.15459837e-03  -2.79540499e+02
  7.22650328e-03  -2.76759025e+02
  7.29913085e-03  -2.74005226e+02
  7.37248833e-03  -2.71278829e+02
  7.44658307e-03  -2.68579559e+02
  7.52142247e-03  -2.65907148e+02
  7.59701403e-03  -2.63261328e+02
  7.67336529e-03  -2.60641834e+02
  7.75048389e-03  -2.58048404e+02
  7.82837755e-03  -2.55480780e+02
  7.90705405e-03  -2.52938703e+02
  7.98652127e-03  -2.50421921e+02
  8.06678714e-03  -2.47930182e+02
  8.14785970e-03  -2.45463235e+02
  8.22974705e-03  -2.43020835e+02
  8.31245738e-03  -2.40602737e+02
  8.39599897e-03  -2.38208700e+02
  8.48038016e-03  -2.35838484e+02
  8.56560940e-03  -2.33491852e+02
  8.65169520e-03  -2.31168569e+02
  8.73864619e-03  -2.28868403e+02
  8.82647104e-03  -2.26591125e+02
  8.91517855e-03  -2.24336505e+02
  9.00477758e-03  -2.22104320e+02
  9.09527710e-03  -2.19894345e+02
  9.18668616e-03  -2.17706360e+02
  9.27901389e-03  -2.15540145e+02
  9.37226953e-03  -2.13395485e+02
  9.46646240e-03  -2.11272164e+02
  9.56160193e-03  -2.09169971e+02
  9.65769763e-03  -2.07088695e+02
  9.75475910e-03  -2.05028128e+02
  9.85279606e-03  -2.02988064e+02
  9.95181831e-03  -2.00968299e+02
  1.00518357e-02  -1.98968631e+02
  1.01528584e-02  -1.96988860e+02
  1.02548963e-02  -1.95028788e+02
  1.03579597e-02  -1.93088220e+02
  1.04620589e-02  -1.91166960e+02
  1.05672044e-02  -1.89264817e+02
  1.06734066e-02  -1.87381600e+02
  1.07806761e-02  -1.85517122e+02
  1.08890237e-02  -1.83671196e+02
  1.09984602e-02  -1.81843637e+02
  1.11089965e-02  -1.80034263e+02
  1.12206438e-02  -1.78242892e+02
  1.13334132e-02  -1.76469345e+02
  1.14473159e-02  -1.74713446e+02
  1.15623633e-02  -1.72975018e+02
  1.16785670e-02  -1.71253888e+02
  1.17959385e-02  -1.69549883e+02
  1.19144897e-02  -1.67862834e+02
  1.20342323e-02  -1.66192571e+02
  1.21551783e-02  -1.64538927e+02
  1.22773399e-02  -1.62901737e+02
  1.24007292e-02  -1.61280838e+02
  1.25253586e-02  -1.59676067e+02
  1.26512406e-02  -1.58087263e+02
  1.27783876e-02  -1.56514269e+02
  1.29068126e-02  -1.54956926e+02
  1.30365282e-02  -1.53415079e+02
  1.31675475e-02  -1.51888573e+02
  1.32998835e-02  -1.50377257e+02
  1.34335496e-02  -1.48880978e+02
  1.35685590e-02  -1.47399587e+02
  1.37049253e-02  -1.45932937e+02
  1.38426621e-02  -1.44480880e+02
  1.39817832e-02  -1.43043271e+02
  1.41223024e-02  -1.41619967e+02
  1.42642339e-02  -1.40210825e+02
  1.44075918e-02  -1.38815704e+02
  1.45523905e-02  -1.37434464e+02
  1.46986445e-02  -1.36066969e+02
  1.48463683e-02  -1.34713080e+02
  1.49955768e-02  -1.33372662e+02
  1.51462849e-02  -1.32045582e+02
  1.52985076e-02  -1.30731706e+02
  1.54522601e-02  -1.29430904e+02
  1.56075579e-02  -1.28143045e+02
  1.57644165e-02  -1.26868001e+02
  1.59228515e-02  -1.25605643e+02
  1.60828788e-02  -1.24355846e+02
  1.62445144e-02  -1.23118485e+02
  1.64077745e-02  -1.21893435e+02
  1.65726754e-02  -1.20680575e+02
  1.67392336e-02  -1.19479783e+02
  1.69074657e-02  -1.18290940e+02
  1.70773885e-02  -1.17113925e+02
  1.72490191e-02  -1.15948622e+02
  1.74223746e-02  -1.14794914e+02
  1.75974724e-02  -1.13652686e+02
  1.77743300e-02  -1.12521822e+02
  1.79529649e-02  -1.11402212e+02
  1.81333952e-02  -1.10293741e+02
  1.83156389e-02  -1.09196300e+02
  1.84997141e-02  -1.08109779e+02
  1.86856393e-02  -1.07034068e+02
  1.88734331e-02  -1.05969062e+02
  1.90631143e-02  -1.04914652e+02
  1.92547018e-02  -1.03870734e+02
  1.94482147e-02  -1.02837203e+02
  1.96436726e-02  -1.01813955e+02
  1.98410947e-02  -1.00800890e+02
  2.00405011e-02  -9.97979039e+01
  2.02419114e-02  -9.88048982e+01
  2.04453460e-02  -9.78217730e+01
  2.06508252e-02  -9.68484301e+01
  2.08583694e-02  -9.58847722e+01
  2.10679995e-02  -9.49307027e+01
  2.12797364e-02  -9.39861265e+01
  2.14936013e-02  -9.30509489e+01
  2.17096156e-02  -9.21250765e+01
  2.19278009e-02  -9.12084166e+01
  2.21481790e-02  -9.03008777e+01
  2.23707719e-02  -8.94023690e+01
  2.25956019e-02  -8.85128006e+01
  2.28226914e-02  -8.76320835e+01
  2.30520633e-02  -8.67601297e+01
  2.32837404e-02  -8.58968520e+01
  2.35177459e-02  -8.50421640e+01
  2.37541031e-02  -8.41959803e+01
  2.39928358e-02  -8.33582163e+01
  2.42339678e-02  -8.25287882e+01
  2.44775233e-02  -8.17076131e+01
  2.47235265e-02  -8.08946087e+01
  2.49720020e-02  -8.00896939e+01
  2.52229748e-02  -7.92927881e+01
  2.54764699e-02  -7.85038117e+01
  2.57325127e-02  -7.77226857e+01
  2.59911288e-02  -7.69493321e+01
  2.62523440e-02  -7.61836735e+01
  2.65161844e-02  -7.54256332e+01
  2.67826765e-02  -7.46751356e+01
  2.70518469e-02  -7.39321056e+01
  2.73237224e-02  -7.31964689e+01
  2.75983304e-02  -7.24681519e+01
  2.78756983e-02  -7.17470817e+01
  2.81558537e-02  -7.10331863e+01
  2.84388247e-02  -7.03263943e+01
  2.87246397e-02  -6.96266350e+01
  2.90133271e-02  -6.89338384e+01
  2.93049159e-02  -6.82479352e+01
  2.95994352e-02  -6.75688569e+01
  2.98969144e-02  -6.68965356e+01
  3.01973834e-02  -6.62309039e+01
  3.05008722e-02  -6.55718954e+01
  3.08074110e-02  -6.49194442e+01
  3.11170307e-02  -6.42734849e+01
  3.14297620e-02  -6.36339530e+01
  3.17456364e-02  -6.30007846e+01
  3.20646853e-02  -6.23739163e+01
  3.23869408e-02  -6.17532855e+01
  3.27124349e-02  -6.11388300e+01
  3.30412004e-02  -6.05304885e+01
  3.33732700e-02  -5.99282001e+01
  3.37086769e-02  -5.93319045e+01
  3.40474547e-02  -5.87415422e+01
  3.43896373e-02  -5.81570541e+01
  3.47352589e-02  -5.75783818e+01
  3.50843541e-02  -5.70054673e+01
  3.54369577e-02  -5.64382534e+01
  3.57931051e-02  -5.58766834e+01
  3.61528318e-02  -5.53207011e+01
  3.65161738e-02  -5.47702509e+01
  3.68831674e-02  -5.42252778e+01
  3.72538494e-02  -5.36857273e+01
  3.76282568e-02  -5.31515454e+01
  3.80064271e-02  -5.26226787e+01
  3.83883980e-02  -5.20990743e+01
  3.87742078e-02  -5.15806798e+01
  3.91638951e-02  -5.10674435e+01
  3.95574988e-02  -5.05593139e+01
  3.99550583e-02  -5.00562404e+01
  4.03566133e-02  -4.95581724e+01
  4.07622040e-02  -4.90650604e+01
  4.11718709e-02  -4.85768549e+01
  4.15856551e-02  -4.80935071e+01
  4.20035979e-02  -4.76149687e+01
  4.24257411e-02  -4.71411919e+01
  4.28521269e-02  -4.66721292e+01
  4.32827979e-02  -4.62077337e+01
  4.37177973e-02  -4.57479591e+01
  4.41571684e-02  -4.52927593e+01
  4.46009553e-02  -4.48420888e+01
  4.50492024e-02  -4.43959026e+01
  4.55019544e-02  -4.39541560e+01
  4.59592566e-02  -4.35168048e+01
  4.64211549e-02  -4.30838054e+01
  4.68876952e-02  -4.26551143e+01
  4.73589244e-02  -4.22306888e+01
  4.78348895e-02  -4.18104865e+01
  4.83156381e-02  -4.13944652e+01
  4.88012184e-02  -4.09825834e+01
  4.92916788e-02  -4.05747999e+01
  4.97870684e-02  -4.01710738e+01
  5.02874367e-02  -3.97713650e+01
  5.07928339e-02  -3.93756333e+01
  5.13033103e-02  -3.89838392e+01
  5.18189172e-02  -3.85959435e+01
  5.23397059e-02  -3.82119075e+01
  5.28657287e-02  -3.78316926e+01
  5.33970381e-02  -3.74552610e+01
  5.39336873e-02  -3.70825749e+01
  5.44757299e-02  -3.67135971e+01
  5.50232201e-02  -3.63482907e+01
  5.55762126e-02  -3.59866192e+01
  5.61347628e-02  -3.56285464e+01
  5.66989266e-02  -3.52740364e+01
  5.72687603e-02  -3.49230539e+01
  5.78443209e-02  -3.45755637e+01
  5.84256660e-02  -3.42315311e+01
  5.90128537e-02  -3.38909216e+01
  5.96059427e-02  -3.35537013e+01
  6.02049924e-02  -3.32198364e+01
  6.08100626e-02  -3.28892935e+01
  6.14212139e-02  -3.25620396e+01
  6.20385074e-02  -3.22380419e+01
  6.26620047e-02  -3.19172680e+01
  6.32917684e-02  -3.15996859e+01
  6.39278612e-02  -3.12852638e+01
  6.45703469e-02  -3.09739702e+01
  6.52192897e-02  -3.06657740e+01
  6.58747544e-02  -3.03606445e+01
  6.65368067e-02  -3.00585510e+01
  6.72055127e-02  -2.97594634e+01
  6.78809394e-02  -2.94633518e+01
  6.85631542e-02  -2.91701866e+01
  6.92522253e-02  -2.88799384e+01
  6.99482217e-02  -2.85925782e+01
  7.06512131e-02  -2.83080773e+01
  7.13612696e-02  -2.80264072e+01
  7.20784622e-02  -2.77475398e+01
  7.28028628e-02  -2.74714472e+01
  7.35345438e-02  -2.71981017e+01
  7.42735782e-02  -2.69274761e+01
  7.50200401e-02  -2.66595432e+01
  7.57740040e-02  -2.63942763e+01
  7.65355454e-02  -2.61316489e+01
  7.73047404e-02  -2.58716346e+01
  7.80816660e-02  -2.56142076e+01
  7.88663998e-02  -2.53593419e+01
  7.96590203e-02  -2.51070123e+01
  8.04596067e-02  -2.48571933e+01
  8.12682392e-02  -2.46098601e+01
  8.20849986e-02  -2.43649879e+01
  8.29099666e-02  -2.41225522e+01
  8.37432256e-02  -2.38825288e+01
  8.45848590e-02  -2.36448937e+01
  8.54349510e-02  -2.34096231e+01
  8.62935865e-02  -2.31766934e+01
  8.71608515e-02  -2.29460815e+01
  8.80368326e-02  -2.27177642e+01
  8.89216175e-02  -2.24917186e+01
  8.98152946e-02  -2.22679223e+01
  9.07179533e-02  -2.20463528e+01
  9.16296839e-02  -2.18269879e+01
  9.25505775e-02  -2.16098057e+01
  9.34807263e-02  -2.13947846e+01
  9.44202232e-02  -2.11819029e+01
  9.53691622e-02  -2.09711394e+01
  9.63276382e-02  -2.07624731e+01
  9.72957471e-02  -2.05558831e+01
  9.82735856e-02  -2.03513486e+01
  9.92612516e-02  -2.01488493e+01
  1.00258844e-01  -1.99483649e+01
  1.01266462e-01  -1.97498754e+01
  1.02284207e-01  -1.95533608e+01
  1.03312180e-01  -1.93588016e+01
  1.04350485e-01  -1.91661783e+01
  1.05399225e-01  -1.89754717e+01
  1.06458504e-01  -1.87866626e+01
  1.07528430e-01  -1.85997322e+01
  1.08609109e-01  -1.84146617e+01
  1.09700649e-01  -1.82314328e+01
  1.10803158e-01  -1.80500270e+01
  1.11916749e-01  -1.78704262e+01
  1.13041531e-01  -1.76926125e+01
  1.14177617e-01  -1.75165681e+01
  1.15325121e-01  -1.73422753e+01
  1.16484158e-01  -1.71697168e+01
  1.17654843e-01  -1.69988753e+01
  1.18837294e-01  -1.68297336e+01
  1.20031629e-01  -1.66622750e+01
  1.21237966e-01  -1.64964826e+01
  1.22456428e-01  -1.63323398e+01
  1.23687136e-01  -1.61698303e+01
  1.24930212e-01  -1.60089378e+01
  1.26185782e-01  -1.58496462e+01
  1.27453970e-01  -1.56919396e+01
  1.28734904e-01  -1.55358022e+01
  1.30028711e-01  -1.53812184e+01
  1.31335521e-01  -1.52281727e+01
  1.32655465e-01  -1.50766499e+01
  1.33988675e-01  -1.49266347e+01
  1.35335283e-01  -1.47781122e+01
  1.36695425e-01  -1.46310675e+01
  1.38069237e-01  -1.44854860e+01
  1.39456856e-01  -1.43413530e+01
  1.40858421e-01  -1.41986541e+01
  1.42274072e-01  -1.40573752e+01
  1.43703950e-01  -1.39175019e+01
  1.45148198e-01  -1.37790205e+01
  1.46606962e-01  -1.36419169e+01
  1.48080387e-01  -1.35061776e+01
  1.49568619e-01  -1.33717889e+01
  1.51071809e-01  -1.32387374e+01
  1.52590106e-01  -1.31070097e+01
  1.54123662e-01  -1.29765928e+01
  1.55672630e-01  -1.28474735e+01
  1.57237166e-01  -1.27196390e+01
  1.58817426e-01  -1.25930765e+01
  1.60413568e-01  -1.24677733e+01
  1.62025751e-01  -1.23437169e+01
  1.63654137e-01  -1.22208949e+01
  1.65298888e-01  -1.20992949e+01
  1.66960170e-01  -1.19789049e+01
  1.68638147e-01  -1.18597128e+01
  1.70332989e-01  -1.17417067e+01
  1.72044864e-01  -1.16248748e+01
  1.73773943e-01  -1.15092054e+01
  1.75520401e-01  -1.13946868e+01
  1.77284410e-01  -1.12813078e+01
  1.79066148e-01  -1.11690569e+01
  1.80865793e-01  -1.10579230e+01
  1.82683524e-01  -1.09478948e+01
  1.84519524e-01  -1.08389614e+01
  1.86373976e-01  -1.07311119e+01
  1.88247066e-01  -1.06243356e+01
  1.90138980e-01  -1.05186217e+01
  1.92049909e-01  -1.04139597e+01
  1.93980042e-01  -1.03103390e+01
  1.95929574e-01  -1.02077494e+01
  1.97898699e-01  -1.01061806e+01
  1.99887614e-01  -1.00056225e+01
  2.01896518e-01  -9.90606485e+00
  2.03925612e-01  -9.80749786e+00
  2.05975098e-01  -9.70991162e+00
  2.08045182e-01  -9.61329639e+00
  2.10136071e-01  -9.51764249e+00
  2.12247974e-01  -9.42294037e+00
  2.14381101e-01  -9.32918054e+00
  2.16535667e-01  -9.23635364e+00
  2.18711887e-01  -9.14445039e+00
  2.20909978e-01  -9.05346159e+00
  2.23130160e-01  -8.96337814e+00
  2.25372656e-01  -8.87419104e+00
  2.27637688e-01  -8.78589136e+00
  2.29925485e-01  -8.69847028e+00
  2.32236275e-01  -8.61191906e+00
  2.34570288e-01  -8.52622903e+00
  2.36927759e-01  -8.44139163e+00
  2.39308922e-01  -8.35739838e+00
  2.41714017e-01  -8.27424088e+00
  2.44143283e-01  -8.19191081e+00
  2.46596964e-01  -8.11039993e+00
  2.49075305e-01  -8.02970011e+00
  2.51578553e-01  -7.94980325e+00
  2.54106960e-01  -7.87070139e+00
  2.56660777e-01  -7.79238660e+00
  2.59240261e-01  -7.71485106e+00
  2.61845669e-01  -7.63808701e+00
  2.64477261e-01  -7.56208678e+00
  2.67135302e-01  -7.48684275e+00
  2.69820056e-01  -7.41234742e+00
  2.72531793e-01  -7.33859334e+00
  2.75270783e-01  -7.26557311e+00
  2.78037300e-01  -7.19327945e+00
  2.80831622e-01  -7.12170512e+00
  2.83654026e-01  -7.05084297e+00
  2.86504797e-01  -6.98068591e+00
  2.89384218e-01  -6.91122693e+00
  2.92292578e-01  -6.84245907e+00
  2.95230167e-01  -6.77437547e+00
  2.98197279e-01  -6.70696931e+00
  3.01194212e-01  -6.64023385e+00
  3.04221264e-01  -6.57416241e+00
  3.07278739e-01  -6.50874841e+00
  3.10366941e-01  -6.44398528e+00
  3.13486181e-01  -6.37986655e+00
  3.16636769e-01  -6.31638582e+00
  3.19819022e-01  -6.25353673e+00
  3.23033256e-01  -6.19131300e+00
  3.26279795e-01  -6.12970841e+00
  3.29558961e-01  -6.06871679e+00
  3.32871084e-01  -6.00833205e+00
  3.36216494e-01  -5.94854815e+00
  3.39595526e-01  -5.88935910e+00
  3.43008517e-01  -5.83075900e+00
  3.46455810e-01  -5.77274198e+00
  3.49937749e-01  -5.71530224e+00
  3.53454682e-01  -5.65843403e+00
  3.57006961e-01  -5.60213167e+00
  3.60594940e-01  -5.54638953e+00
  3.64218980e-01  -5.49120203e+00
  3.67879441e-01  -5.43656366e+00
  3.71576691e-01  -5.38246894e+00
  3.75311099e-01  -5.32891248e+00
  3.79083038e-01  -5.27588892e+00
  3.82892886e-01  -5.22339295e+00
  3.86741023e-01  -5.17141932e+00
  3.90627835e-01  -5.11996284e+00
  3.94553710e-01  -5.06901836e+00
  3.98519041e-01  -5.01858078e+00
  4.02524224e-01  -4.96864507e+00
  4.06569660e-01  -4.91920622e+00
  4.10655753e-01  -4.87025930e+00
  4.14782912e-01  -4.82179941e+00
  4.18951549e-01  -4.77382171e+00
  4.23162082e-01  -4.72632139e+00
  4.27414932e-01  -4.67929370e+00
  4.31710523e-01  -4.63273395e+00
  4.36049286e-01  -4.58663748e+00
  4.40431655e-01  -4.54099968e+00
  4.44858066e-01  -4.49581597e+00
  4.49328964e-01  -4.45108186e+00
  4.53844795e-01  -4.40679285e+00
  4.58406011e-01  -4.36294453e+00
  4.63013068e-01  -4.31953251e+00
  4.67666427e-01  -4.27655244e+00
  4.72366553e-01  -4.23400003e+00
  4.77113916e-01  -4.19187103e+00
  4.81908990e-01  -4.15016122e+00
  4.86752256e-01  -4.10886642e+00
  4.91644197e-01  -4.06798252e+00
  4.96585304e-01  -4.02750541e+00
  5.01576069e-01  -3.98743107e+00
  5.06616992e-01  -3.94775546e+00
  5.11708578e-01  -3.90847464e+00
  5.16851334e-01  -3.86958467e+00
  5.22045777e-01  -3.83108166e+00
  5.27292424e-01  -3.79296176e+00
  5.32591801e-01  -3.75522116e+00
  5.37944438e-01  -3.71785608e+00
  5.43350869e-01  -3.68086280e+00
  5.48811636e-01  -3.64423760e+00
  5.54327285e-01  -3.60797683e+00
  5.59898367e-01  -3.57207686e+00
  5.65525439e-01  -3.53653410e+00
  5.71209064e-01  -3.50134500e+00
  5.76949810e-01  -3.46650604e+00
  5.82748252e-01  -3.43201372e+00
  5.88604970e-01  -3.39786462e+00
  5.94520548e-01  -3.36405530e+00
  6.00495579e-01  -3.33058239e+00
  6.06530660e-01  -3.29744254e+00
  6.12626394e-01  -3.26463244e+00
  6.18783392e-01  -3.23214880e+00
  6.25002268e-01  -3.19998839e+00
  6.31283646e-01  -3.16814797e+00
  6.37628152e-01  -3.13662437e+00
  6.44036421e-01  -3.10541444e+00
  6.50509095e-01  -3.07451505e+00
  6.57046820e-01  -3.04392311e+00
  6.63650250e-01  -3.01363557e+00
  6.70320046e-01  -2.98364940e+00
  6.77056874e-01  -2.95396159e+00
  6.83861409e-01  -2.92456918e+00
  6.90734331e-01  -2.89546923e+00
  6.97676326e-01  -2.86665883e+00
  7.04688090e-01  -2.83813510e+00
  7.11770323e-01  -2.80989518e+00
  7.18923733e-01  -2.78193626e+00
  7.26149037e-01  -2.75425553e+00
  7.33446956e-01  -2.72685023e+00
  7.40818221e-01  -2.69971762e+00
  7.48263568e-01  -2.67285498e+00
  7.55783741e-01  -2.64625962e+00
  7.63379494e-01  -2.61992890e+00
  7.71051586e-01  -2.59386017e+00
  7.78800783e-01  -2.56805083e+00
  7.86627861e-01  -2.54249830e+00
  7.94533603e-01  -2.51720002e+00
  8.02518798e-01  -2.49215346e+00
  8.10584246e-01  -2.46735612e+00
  8.18730753e-01  -2.44280552e+00
  8.26959134e-01  -2.41849920e+00
  8.35270211e-01  -2.39443473e+00
  8.43664817e-01  -2.37060970e+00
  8.52143789e-01  -2.34702174e+00
  8.60707976e-01  -2.32366849e+00
  8.69358235e-01  -2.30054760e+00
  8.78095431e-01  -2.27765677e+00
  8.86920437e-01  -2.25499370e+00
  8.95834135e-01  -2.23255614e+00
  9.04837418e-01  -2.21034184e+00
  9.13931185e-01  -2.18834857e+00
  9.23116346e-01  -2.16657414e+00
  9.32393820e-01  -2.14501636e+00
  9.41764534e-01  -2.12367309e+00
  9.51229425e-01  -2.10254219e+00
  9.60789439e-01  -2.08162155e+00
  9.70445534e-01  -2.06090907e+00
  9.80198673e-01  -2.04040268e+00
  9.90049834e-01  -2.02010033e+00
  1.00000000e+00  -2.00000000e+00
  1.01005017e+00  -1.98009967e+00
  1.02020134e+00  -1.96039735e+00
  1.03045453e+00  -1.94089107e+00
  1.04081077e+00  -1.92157888e+00
  1.05127110e+00  -1.90245885e+00
  1.06183655e+00  -1.88352907e+00
  1.07250818e+00  -1.86478764e+00
  1.08328707e+00  -1.84623269e+00
  1.09417428e+00  -1.82786237e+00
  1.10517092e+00  -1.80967484e+00
  1.11627807e+00  -1.79166827e+00
  1.12749685e+00  -1.77384087e+00
  1.13882838e+00  -1.75619086e+00
  1.15027380e+00  -1.73871647e+00
  1.16183424e+00  -1.72141595e+00
  1.17351087e+00  -1.70428758e+00
  1.18530485e+00  -1.68732963e+00
  1.19721736e+00  -1.67054042e+00
  1.20924960e+00  -1.65391827e+00
  1.22140276e+00  -1.63746151e+00
  1.23367806e+00  -1.62116849e+00
  1.24607673e+00  -1.60503760e+00
  1.25860001e+00  -1.58906721e+00
  1.27124915e+00  -1.57325572e+00
  1.28402542e+00  -1.55760157e+00
  1.29693009e+00  -1.54210317e+00
  1.30996445e+00  -1.52675899e+00
  1.32312981e+00  -1.51156748e+00
  1.33642749e+00  -1.49652714e+00
  1.34985881e+00  -1.48163644e+00
  1.36342511e+00  -1.46689391e+00
  1.37712776e+00  -1.45229807e+00
  1.39096813e+00  -1.43784747e+00
  1.40494759e+00  -1.42354065e+00
  1.41906755e+00  -1.40937618e+00
  1.43332941e+00  -1.39535265e+00
  1.44773461e+00  -1.38146866e+00
  1.46228459e+00  -1.36772282e+00
  1.47698079e+00  -1.35411375e+00
  1.49182470e+00  -1.34064009e+00
  1.50681779e+00  -1.32730050e+00
  1.52196156e+00  -1.31409364e+00
  1.53725752e+00  -1.30101819e+00
  1.55270722e+00  -1.28807284e+00
  1.56831219e+00  -1.27525630e+00
  1.58407398e+00  -1.26256729e+00
  1.59999419e+00  -1.25000454e+00
  1.61607440e+00  -1.23756678e+00
  1.63231622e+00  -1.22525279e+00
  1.64872127e+00  -1.21306132e+00
  1.66529119e+00  -1.20099116e+00
  1.68202765e+00  -1.18904110e+00
  1.69893231e+00  -1.17720994e+00
  1.71600686e+00  -1.16549650e+00
  1.73325302e+00  -1.15389962e+00
  1.75067250e+00  -1.14241813e+00
  1.76826705e+00  -1.13105088e+00
  1.78603843e+00  -1.11979673e+00
  1.80398842e+00  -1.10865457e+00
  1.82211880e+00  -1.09762327e+00
  1.84043140e+00  -1.08670174e+00
  1.85892804e+00  -1.07588888e+00
  1.87761058e+00  -1.06518360e+00
  1.89648088e+00  -1.05458485e+00
  1.91554083e+00  -1.04409155e+00
  1.93479233e+00  -1.03370267e+00
  1.95423732e+00  -1.02341716e+00
  1.97387773e+00  -1.01323398e+00
  1.99371553e+00  -1.00315214e+00
  2.01375271e+00  -9.93170608e-01
  2.03399126e+00  -9.83288395e-01
  2.05443321e+00  -9.73504512e-01
  2.07508061e+00  -9.63817980e-01
  2.09593551e+00  -9.54227831e-01
  2.11700002e+00  -9.44733105e-01
  2.13827622e+00  -9.35332854e-01
  2.15976625e+00  -9.26026137e-01
  2.18147227e+00  -9.16812023e-01
  2.20339643e+00  -9.07689591e-01
  2.22554093e+00  -8.98657928e-01
  2.24790799e+00  -8.89716132e-01
  2.27049984e+00  -8.80863309e-01
  2.29331874e+00  -8.72098573e-01
  2.31636698e+00  -8.63421047e-01
  2.33964685e+00  -8.54829864e-01
  2.36316069e+00  -8.46324165e-01
  2.38691085e+00  -8.37903098e-01
  2.41089971e+00  -8.29565823e-01
  2.43512965e+00  -8.21311506e-01
  2.45960311e+00  -8.13139319e-01
  2.48432253e+00  -8.05048448e-01
  2.50929039e+00  -7.97038082e-01
  2.53450918e+00  -7.89107421e-01
  2.55998142e+00  -7.81255671e-01
  2.58570966e+00  -7.73482047e-01
  2.61169647e+00  -7.65785772e-01
  2.63794446e+00  -7.58166076e-01
  2.66445624e+00  -7.50622198e-01
  2.69123447e+00  -7.43153382e-01
  2.71828183e+00  -7.35758882e-01
  2.74560102e+00  -7.28437959e-01
  2.77319476e+00  -7.21189880e-01
  2.80106583e+00  -7.14013921e-01
  2.82921701e+00  -7.06909364e-01
  2.85765112e+00  -6.99875498e-01
  2.88637099e+00  -6.92911621e-01
  2.91537950e+00  -6.86017035e-01
  2.94467955e+00  -6.79191051e-01
  2.97427407e+00  -6.72432987e-01
  3.00416602e+00  -6.65742167e-01
  3.03435839e+00  -6.59117922e-01
  3.06485420e+00  -6.52559589e-01
  3.09565650e+00  -6.46066513e-01
  3.12676837e+00  -6.39638044e-01
  3.15819291e+00  -6.33273539e-01
  3.18993328e+00  -6.26972362e-01
  3.22199264e+00  -6.20733883e-01
  3.25437420e+00  -6.14557477e-01
  3.28708121e+00  -6.08442528e-01
  3.32011692e+00  -6.02388424e-01
  3.35348465e+00  -5.96394559e-01
  3.38718773e+00  -5.90460334e-01
  3.42122954e+00  -5.84585155e-01
  3.45561346e+00  -5.78768436e-01
  3.49034296e+00  -5.73009594e-01
  3.52542149e+00  -5.67308053e-01
  3.56085256e+00  -5.61663244e-01
  3.59663973e+00  -5.56074601e-01
  3.63278656e+00  -5.50541566e-01
  3.66929667e+00  -5.45063586e-01
  3.70617371e+00  -5.39640113e-01
  3.74342138e+00  -5.34270604e-01
  3.78104339e+00  -5.28954523e-01
  3.81904351e+00  -5.23691337e-01
  3.85742553e+00  -5.18480521e-01
  3.89619330e+00  -5.13321554e-01
  3.93535070e+00  -5.08213919e-01
  3.97490163e+00  -5.03157106e-01
  4.01485005e+00  -4.98150609e-01
  4.05519997e+00  -4.93193928e-01
  4.09595540e+00  -4.88286566e-01
  4.13712044e+00  -4.83428034e-01
  4.17869919e+00  -4.78617844e-01
  4.22069582e+00  -4.73855517e-01
  4.26311452e+00  -4.69140576e-01
  4.30595953e+00  -4.64472549e-01
  4.34923514e+00  -4.59850970e-01
  4.39294568e+00  -4.55275377e-01
  4.43709552e+00  -4.50745311e-01
  4.48168907e+00  -4.46260320e-01
  4.52673079e+00  -4.41819956e-01
  4.57222520e+00  -4.37423774e-01
  4.61817682e+00  -4.33071335e-01
  4.66459027e+00  -4.28762203e-01
  4.71147018e+00  -4.24495948e-01
  4.75882125e+00  -4.20272142e-01
  4.80664819e+00  -4.16090365e-01
  4.85495581e+00  -4.11950196e-01
  4.90374893e+00  -4.07851223e-01
  4.95303242e+00  -4.03793036e-01
  5.00281123e+00  -3.99775228e-01
  5.05309032e+00  -3.95797398e-01
  5.10387472e+00  -3.91859148e-01
  5.15516951e+00  -3.87960085e-01
  5.20697983e+00  -3.84099817e-01
  5.25931084e+00  -3.80277960e-01
  5.31216780e+00  -3.76494131e-01
  5.36555597e+00  -3.72747952e-01
  5.41948071e+00  -3.69039048e-01
  5.47394739e+00  -3.65367048e-01
  5.52896148e+00  -3.61731585e-01
  5.58452846e+00  -3.58132296e-01
  5.64065391e+00  -3.54568820e-01
  5.69734342e+00  -3.51040801e-01
  5.75460268e+00  -3.47547887e-01
  5.81243739e+00  -3.44089728e-01
  5.87085336e+00  -3.40665978e-01
  5.92985642e+00  -3.37276295e-01
  5.98945247e+00  -3.33920339e-01
  6.04964746e+00  -3.30597776e-01
  6.11044743e+00  -3.27308274e-01
  6.17185845e+00  -3.24051502e-01
  6.23388666e+00  -3.20827136e-01
  6.29653826e+00  -3.17634852e-01
  6.35981952e+00  -3.14474333e-01
  6.42373677e+00  -3.11345261e-01
  6.48829640e+00  -3.08247324e-01
  6.55350486e+00  -3.05180212e-01
  6.61936868e+00  -3.02143618e-01
  6.68589444e+00  -2.99137238e-01
  6.75308880e+00  -2.96160773e-01
  6.82095847e+00  -2.93213924e-01
  6.88951024e+00  -2.90296397e-01
  6.95875097e+00  -2.87407900e-01
  7.02868758e+00  -2.84548143e-01
  7.09932707e+00  -2.81716842e-01
  7.17067649e+00  -2.78913712e-01
  7.24274299e+00  -2.76138475e-01
  7.31553376e+00  -2.73390851e-01
  7.38905610e+00  -2.70670566e-01
  7.46331735e+00  -2.67977349e-01
  7.53832493e+00  -2.65310930e-01
  7.61408636e+00  -2.62671042e-01
  7.69060920e+00  -2.60057422e-01
  7.76790111e+00  -2.57469807e-01
  7.84596981e+00  -2.54907940e-01
  7.92482312e+00  -2.52371563e-01
  8.00446891e+00  -2.49860424e-01
  8.08491516e+00  -2.47374272e-01
  8.16616991e+00  -2.44912857e-01
  8.24824128e+00  -2.42475933e-01
  8.33113749e+00  -2.40063257e-01
  8.41486681e+00  -2.37674588e-01
  8.49943763e+00  -2.35309686e-01
  8.58485840e+00  -2.32968316e-01
  8.67113766e+00  -2.30650242e-01
  8.75828404e+00  -2.28355234e-01
  8.84630626e+00  -2.26083061e-01
  8.93521311e+00  -2.23833497e-01
  9.02501350e+00  -2.21606317e-01
  9.11571639e+00  -2.19401297e-01
  9.20733087e+00  -2.17218218e-01
  9.29986608e+00  -2.15056860e-01
  9.39333129e+00  -2.12917009e-01
  9.48773584e+00  -2.10798449e-01
  9.58308917e+00  -2.08700970e-01
  9.67940081e+00  -2.06624360e-01
  9.77668041e+00  -2.04568413e-01
  9.87493768e+00  -2.02532924e-01
  9.97418245e+00  -2.00517687e-01
  1.00744247e+01  -1.98522503e-01
  1.01756743e+01  -1.96547171e-01
  1.02779415e+01  -1.94591494e-01
  1.03812366e+01  -1.92655276e-01
  1.04855697e+01  -1.90738324e-01
  1.05909515e+01  -1.88840446e-01
  1.06973923e+01  -1.86961453e-01
  1.08049029e+01  -1.85101155e-01
  1.09134939e+01  -1.83259368e-01
  1.10231764e+01  -1.81435907e-01
  1.11339611e+01  -1.79630589e-01
  1.12458593e+01  -1.77843235e-01
  1.13588821e+01  -1.76073665e-01
  1.14730407e+01  -1.74321703e-01
  1.15883467e+01  -1.72587173e-01
  1.17048115e+01  -1.70869902e-01
  1.18224469e+01  -1.69169718e-01
  1.19412644e+01  -1.67486451e-01
  1.20612761e+01  -1.65819933e-01
  1.21824940e+01  -1.64169997e-01
  1.23049301e+01  -1.62536478e-01
  1.24285967e+01  -1.60919213e-01
  1.25535061e+01  -1.59318041e-01
  1.26796710e+01  -1.57732800e-01
  1.28071038e+01  -1.56163332e-01
  1.29358173e+01  -1.54609481e-01
  1.30658244e+01  -1.53071091e-01
  1.31971382e+01  -1.51548008e-01
  1.33297716e+01  -1.50040080e-01
  1.34637380e+01  -1.48547156e-01
  1.35990509e+01  -1.47069088e-01
  1.37357236e+01  -1.45605726e-01
  1.38737699e+01  -1.44156924e-01
  1.40132036e+01  -1.42722539e-01
  1.41540386e+01  -1.41302426e-01
  1.42962891e+01  -1.39896443e-01
  1.44399692e+01  -1.38504451e-01
  1.45850933e+01  -1.37126308e-01
  1.47316759e+01  -1.35761879e-01
  1.48797317e+01  -1.34411025e-01
  1.50292755e+01  -1.33073613e-01
  1.51803222e+01  -1.31749509e-01
  1.53328870e+01  -1.30438579e-01
  1.54869851e+01  -1.29140694e-01
  1.56426319e+01  -1.27855722e-01
  1.57998429e+01  -1.26583537e-01
  1.59586340e+01  -1.25324009e-01
  1.61190209e+01  -1.24077015e-01
  1.62810198e+01  -1.22842428e-01
  1.64446468e+01  -1.21620125e-01
  1.66099182e+01  -1.20409985e-01
  1.67768507e+01  -1.19211885e-01
  1.69454608e+01  -1.18025707e-01
  1.71157655e+01  -1.16851332e-01
  1.72877818e+01  -1.15688642e-01
  1.74615269e+01  -1.14537521e-01
  1.76370182e+01  -1.13397853e-01
  1.78142732e+01  -1.12269526e-01
  1.79933096e+01  -1.11152425e-01
  1.81741454e+01  -1.10046440e-01
  1.83567986e+01  -1.08951460e-01
  1.85412875e+01  -1.07867375e-01
  1.87276305e+01  -1.06794076e-01
  1.89158463e+01  -1.05731457e-01
  1.91059537e+01  -1.04679412e-01
  1.92979718e+01  -1.03637834e-01
  1.94919196e+01  -1.02606621e-01
  1.96878166e+01  -1.01585668e-01
  1.98856825e+01  -1.00574873e-01
  2.00855369e+01  -9.95741367e-02
  2.02873999e+01  -9.85833575e-02
  2.04912917e+01  -9.76024367e-02
  2.06972326e+01  -9.66312763e-02
  2.09052432e+01  -9.56697790e-02
  2.11153444e+01  -9.47178488e-02
  2.13275572e+01  -9.37753904e-02
  2.15419027e+01  -9.28423097e-02
  2.17584024e+01  -9.19185133e-02
  2.19770780e+01  -9.10039088e-02
  2.21979513e+01  -9.00984048e-02
  2.24210444e+01  -8.92019107e-02
  2.26463796e+01  -8.83143368e-02
  2.28739795e+01  -8.74355945e-02
  2.31038669e+01  -8.65655958e-02
  2.33360646e+01  -8.57042537e-02
  2.35705959e+01  -8.48514822e-02
  2.38074844e+01  -8.40071958e-02
  2.40467536e+01  -8.31713102e-02
  2.42884274e+01  -8.23437419e-02
  2.45325302e+01  -8.15244080e-02
  2.47790862e+01  -8.07132265e-02
  2.50281202e+01  -7.99101165e-02
  2.52796570e+01  -7.91149976e-02
  2.55337217e+01  -7.83277902e-02
  2.57903399e+01  -7.75484157e-02
  2.60495371e+01  -7.67767960e-02
  2.63113393e+01  -7.60128542e-02
  2.65757727e+01  -7.52565136e-02
  2.68428637e+01  -7.45076988e-02
  2.71126389e+01  -7.37663348e-02
  2.73851255e+01  -7.30323475e-02
  2.76603506e+01  -7.23056635e-02
  2.79383417e+01  -7.15862101e-02
  2.82191267e+01  -7.08739154e-02
  2.85027336e+01  -7.01687082e-02
  2.87891909e+01  -6.94705179e-02
  2.90785271e+01  -6.87792747e-02
  2.93707711e+01  -6.80949095e-02
  2.96659523e+01  -6.74173538e-02
  2.99641000e+01  -6.67465399e-02
  3.02652443e+01  -6.60824008e-02
  3.05694150e+01  -6.54248699e-02
  3.08766427e+01  -6.47738815e-02
  3.11869582e+01  -6.41293707e-02
  3.15003923e+01  -6.34912728e-02
  3.18169765e+01  -6.28595240e-02
  3.21367424e+01  -6.22340613e-02
  3.24597221e+01  -6.16148221e-02
  3.27859477e+01  -6.10017443e-02
  3.31154520e+01  -6.03947668e-02
  3.34482678e+01  -5.97938289e-02
  3.37844285e+01  -5.91988703e-02
  3.41239676e+01  -5.86098317e-02
  3.44669192e+01  -5.80266542e-02
  3.48133175e+01  -5.74492793e-02
  3.51631971e+01  -5.68776494e-02
  3.55165932e+01  -5.63117074e-02
  3.58735408e+01  -5.57513965e-02
  3.62340759e+01  -5.51966608e-02
  3.65982344e+01  -5.46474449e-02
  3.69660528e+01  -5.41036937e-02
  3.73375678e+01  -5.35653530e-02
  3.77128166e+01  -5.30323688e-02
  3.80918367e+01  -5.25046879e-02
  3.84746660e+01  -5.19822576e-02
  3.88613429e+01  -5.14650255e-02
  3.92519059e+01  -5.09529399e-02
  3.96463941e+01  -5.04459497e-02
  4.00448470e+01  -4.99440041e-02
  4.04473044e+01  -4.94470529e-02
  4.08538065e+01  -4.89550465e-02
  4.12643941e+01  -4.84679357e-02
  4.16791082e+01  -4.79856717e-02
  4.20979902e+01  -4.75082063e-02
  4.25210820e+01  -4.70354917e-02
  4.29484260e+01  -4.65674807e-02
  4.33800648e+01  -4.61041266e-02
  4.38160417e+01  -4.56453829e-02
  4.42564003e+01  -4.51912037e-02
  4.47011845e+01  -4.47415437e-02
  4.51504389e+01  -4.42963579e-02
  4.56042083e+01  -4.38556018e-02
  4.60625382e+01  -4.34192313e-02
  4.65254744e+01  -4.29872027e-02
  4.69930632e+01  -4.25594729e-02
  4.74653514e+01  -4.21359990e-02
  4.79423861e+01  -4.17167389e-02
  4.84242151e+01  -4.13016504e-02
  4.89108865e+01  -4.08906921e-02
  4.94024491e+01  -4.04838229e-02
  4.98989520e+01  -4.00810021e-02
  5.04004448e+01  -3.96821895e-02
  5.09069777e+01  -3.92873451e-02
  5.14186013e+01  -3.88964295e-02
  5.19353668e+01  -3.85094036e-02
  5.24573259e+01  -3.81262286e-02
  5.29845308e+01  -3.77468663e-02
  5.35170342e+01  -3.73712787e-02
  5.40548894e+01  -3.69994282e-02
  5.45981500e+01  -3.66312778e-02
  5.51468706e+01  -3.62667905e-02
  5.57011058e+01  -3.59059299e-02
  5.62609112e+01  -3.55486599e-02
  5.68263428e+01  -3.51949448e-02
  5.73974570e+01  -3.48447493e-02
  5.79743111e+01  -3.44980382e-02
  5.85569626e+01  -3.41547770e-02
  5.91454698e+01  -3.38149313e-02
  5.97398917e+01  -3.34784671e-02
  6.03402876e+01  -3.31453508e-02
  6.09467176e+01  -3.28155491e-02
  6.15592423e+01  -3.24890289e-02
  6.21779229e+01  -3.21657576e-02
  6.28028214e+01  -3.18457030e-02
  6.34340003e+01  -3.15288330e-02
  6.40715226e+01  -3.12151158e-02
  6.47154521e+01  -3.09045202e-02
  6.53658532e+01  -3.05970151e-02
  6.60227910e+01  -3.02925697e-02
  6.66863310e+01  -2.99911536e-02
  6.73565398e+01  -2.96927367e-02
  6.80334843e+01  -2.93972890e-02
  6.87172322e+01  -2.91047811e-02
  6.94078518e+01  -2.88151837e-02
  7.01054123e+01  -2.85284678e-02
  7.08099835e+01  -2.82446048e-02
  7.15216356e+01  -2.79635663e-02
  7.22404400e+01  -2.76853242e-02
  7.29664685e+01  -2.74098506e-02
  7.36997937e+01  -2.71371180e-02
  7.44404889e+01  -2.68670992e-02
  7.51886283e+01  -2.65997671e-02
  7.59442866e+01  -2.63350950e-02
  7.67075393e+01  -2.60730564e-02
  7.74784629e+01  -2.58136252e-02
  7.82571344e+01  -2.55567753e-02
  7.90436317e+01  -2.53024811e-02
  7.98380334e+01  -2.50507172e-02
  8.06404190e+01  -2.48014584e-02
  8.14508687e+01  -2.45546798e-02
  8.22694635e+01  -2.43103567e-02
  8.30962854e+01  -2.40684646e-02
  8.39314169e+01  -2.38289793e-02
  8.47749417e+01  -2.35918770e-02
  8.56269440e+01  -2.33571339e-02
  8.64875091e+01  -2.31247266e-02
  8.73567230e+01  -2.28946317e-02
  8.82346727e+01  -2.26668263e-02
  8.91214459e+01  -2.24412876e-02
  9.00171313e+01  -2.22179931e-02
  9.09218185e+01  -2.19969204e-02
  9.18355980e+01  -2.17780473e-02
  9.27585611e+01  -2.15613521e-02
  9.36908001e+01  -2.13468131e-02
  9.46324083e+01  -2.11344088e-02
  9.55834798e+01  -2.09241179e-02
  9.65441098e+01  -2.07159194e-02
  9.75143942e+01  -2.05097926e-02
  9.84944302e+01  -2.03057167e-02
  9.94843156e+01  -2.01036715e-02
  1.00484150e+02  -1.99036366e-02
  1.01494032e+02  -1.97055921e-02
  1.02514064e+02  -1.95095182e-02
  1.03544348e+02  -1.93153953e-02
  1.04584986e+02  -1.91232039e-02
  1.05636082e+02  -1.89329248e-02
  1.06697742e+02  -1.87445391e-02
  1.07770073e+02  -1.85580278e-02
  1.08853180e+02  -1.83733723e-02
  1.09947172e+02  -1.81905542e-02
  1.11052160e+02  -1.80095552e-02
  1.12168253e+02  -1.78303571e-02
  1.13295562e+02  -1.76529421e-02
  1.14434202e+02  -1.74772924e-02
  1.15584285e+02  -1.73033904e-02
  1.16745926e+02  -1.71312188e-02
  1.17919242e+02  -1.69607603e-02
  1.19104350e+02  -1.67919979e-02
  1.20301369e+02  -1.66249148e-02
  1.21510418e+02  -1.64594941e-02
  1.22731618e+02  -1.62957194e-02
  1.23965091e+02  -1.61335743e-02
  1.25210961e+02  -1.59730425e-02
  1.26469352e+02  -1.58141081e-02
  1.27740390e+02  -1.56567551e-02
  1.29024202e+02  -1.55009678e-02
  1.30320917e+02  -1.53467306e-02
  1.31630664e+02  -1.51940281e-02
  1.32953574e+02  -1.50428449e-02
  1.34289780e+02  -1.48931661e-02
  1.35639414e+02  -1.47449767e-02
  1.37002613e+02  -1.45982617e-02
  1.38379512e+02  -1.44530066e-02
  1.39770250e+02  -1.43091967e-02
  1.41174964e+02  -1.41668179e-02
  1.42593796e+02  -1.40258557e-02
  1.44026887e+02  -1.38862961e-02
  1.45474382e+02  -1.37481251e-02
  1.46936423e+02  -1.36113290e-02
  1.48413159e+02  -1.34758940e-02
  1.49904736e+02  -1.33418066e-02
  1.51411304e+02  -1.32090534e-02
  1.52933013e+02  -1.30776211e-02
  1.54470015e+02  -1.29474966e-02
  1.56022464e+02  -1.28186669e-02
  1.57590516e+02  -1.26911190e-02
  1.59174327e+02  -1.25648403e-02
  1.60774056e+02  -1.24398180e-02
  1.62389862e+02  -1.23160398e-02
  1.64021907e+02  -1.21934931e-02
  1.65670355e+02  -1.20721658e-02
  1.67335370e+02  -1.19520458e-02
  1.69017118e+02  -1.18331209e-02
  1.70715768e+02  -1.17153794e-02
  1.72431490e+02  -1.15988095e-02
  1.74164456e+02  -1.14833994e-02
  1.75914837e+02  -1.13691376e-02
  1.77682811e+02  -1.12560128e-02
  1.79468553e+02  -1.11440136e-02
  1.81272242e+02  -1.10331288e-02
  1.83094058e+02  -1.09233474e-02
  1.84934184e+02  -1.08146583e-02
  1.86792804e+02  -1.07070506e-02
  1.88670102e+02  -1.06005137e-02
  1.90566268e+02  -1.04950368e-02
  1.92481491e+02  -1.03906094e-02
  1.94415962e+02  -1.02872211e-02
  1.96369875e+02  -1.01848616e-02
  1.98343425e+02  -1.00835205e-02
  2.00336810e+02  -9.98318781e-03
  2.02350228e+02  -9.88385344e-03
  2.04383882e+02  -9.78550745e-03
  2.06437974e+02  -9.68814002e-03
  2.08512710e+02  -9.59174142e-03
  2.10608298e+02  -9.49630200e-03
  2.12724946e+02  -9.40181222e-03
  2.14862868e+02  -9.30826262e-03
  2.17022275e+02  -9.21564386e-03
  2.19203386e+02  -9.12394667e-03
  2.21406416e+02  -9.03316189e-03
  2.23631588e+02  -8.94328042e-03
  2.25879123e+02  -8.85429330e-03
  2.28149245e+02  -8.76619161e-03
  2.30442183e+02  -8.67896654e-03
  2.32758166e+02  -8.59260938e-03
  2.35097424e+02  -8.50711149e-03
  2.37460193e+02  -8.42246432e-03
  2.39846707e+02  -8.33865940e-03
  2.42257207e+02  -8.25568835e-03
  2.44691932e+02  -8.17354288e-03
  2.47151127e+02  -8.09221477e-03
  2.49635037e+02  -8.01169588e-03
  2.52143911e+02  -7.93197818e-03
  2.54677999e+02  -7.85305368e-03
  2.57237556e+02  -7.77491449e-03
  2.59822836e+02  -7.69755280e-03
  2.62434099e+02  -7.62096087e-03
  2.65071606e+02  -7.54513104e-03
  2.67735620e+02  -7.47005573e-03
  2.70426407e+02  -7.39572743e-03
  2.73144238e+02  -7.32213872e-03
  2.75889383e+02  -7.24928222e-03
  2.78662118e+02  -7.17715065e-03
  2.81462718e+02  -7.10573681e-03
  2.84291466e+02  -7.03503355e-03
  2.87148643e+02  -6.96503380e-03
  2.90034534e+02  -6.89573055e-03
  2.92949430e+02  -6.82711689e-03
  2.95893621e+02  -6.75918594e-03
  2.98867401e+02  -6.69193091e-03
  3.01871068e+02  -6.62534509e-03
  3.04904923e+02  -6.55942180e-03
  3.07969268e+02  -6.49415447e-03
  3.11064411e+02  -6.42953655e-03
  3.14190660e+02  -6.36556159e-03
  3.17348329e+02  -6.30222320e-03
  3.20537733e+02  -6.23951503e-03
  3.23759190e+02  -6.17743082e-03
  3.27013024e+02  -6.11596435e-03
  3.30299560e+02  -6.05510949e-03
  3.33619126e+02  -5.99486014e-03
  3.36972054e+02  -5.93521029e-03
  3.40358679e+02  -5.87615396e-03
  3.43779341e+02  -5.81768525e-03
  3.47234380e+02  -5.75979832e-03
  3.50724144e+02  -5.70248737e-03
  3.54248980e+02  -5.64574667e-03
  3.57809242e+02  -5.58957055e-03
  3.61405284e+02  -5.53395339e-03
  3.65037468e+02  -5.47888964e-03
  3.68706155e+02  -5.42437377e-03
  3.72411714e+02  -5.37040035e-03
  3.76154514e+02  -5.31696398e-03
  3.79934930e+02  -5.26405930e-03
  3.83753339e+02  -5.21168104e-03
  3.87610124e+02  -5.15982394e-03
  3.91505671e+02  -5.10848284e-03
  3.95440368e+02  -5.05765258e-03
  3.99414610e+02  -5.00732810e-03
  4.03428793e+02  -4.95750435e-03
  4.07483320e+02  -4.90817636e-03
  4.11578596e+02  -4.85933919e-03
  4.15715029e+02  -4.81098796e-03
  4.19893035e+02  -4.76311783e-03
  4.24113030e+02  -4.71572401e-03
  4.28375437e+02  -4.66880178e-03
  4.32680682e+02  -4.62234642e-03
  4.37029195e+02  -4.57635331e-03
  4.41421411e+02  -4.53081783e-03
  4.45857770e+02  -4.48573544e-03
  4.50338715e+02  -4.44110163e-03
  4.54864694e+02  -4.39691193e-03
  4.59436161e+02  -4.35316192e-03
  4.64053571e+02  -4.30984724e-03
  4.68717387e+02  -4.26696354e-03
  4.73428075e+02  -4.22450654e-03
  4.78186106e+02  -4.18247200e-03
  4.82991956e+02  -4.14085571e-03
  4.87846106e+02  -4.09965351e-03
  4.92749041e+02  -4.05886127e-03
  4.97701251e+02  -4.01847493e-03
  5.02703232e+02  -3.97849043e-03
  5.07755483e+02  -3.93890379e-03
  5.12858511e+02  -3.89971105e-03
  5.18012825e+02  -3.86090827e-03
  5.23218940e+02  -3.82249159e-03
  5.28477378e+02  -3.78445717e-03
  5.33788664e+02  -3.74680119e-03
  5.39153329e+02  -3.70951989e-03
  5.44571910e+02  -3.67260955e-03
  5.50044949e+02  -3.63606648e-03
  5.55572992e+02  -3.59988701e-03
  5.61156594e+02  -3.56406754e-03
  5.66796311e+02  -3.52860447e-03
  5.72492709e+02  -3.49349427e-03
  5.78246356e+02  -3.45873342e-03
  5.84057829e+02  -3.42431845e-03
  5.89927708e+02  -3.39024591e-03
  5.95856580e+02  -3.35651240e-03
  6.01845038e+02  -3.32311455e-03
  6.07893681e+02  -3.29004900e-03
  6.14003114e+02  -3.25731247e-03
  6.20173948e+02  -3.22490167e-03
  6.26406800e+02  -3.19281336e-03
  6.32702293e+02  -3.16104434e-03
  6.39061057e+02  -3.12959142e-03
  6.45483727e+02  -3.09845147e-03
  6.51970946e+02  -3.06762136e-03
  6.58523363e+02  -3.03709802e-03
  6.65141633e+02  -3.00687839e-03
  6.71826418e+02  -2.97695945e-03
  6.78578385e+02  -2.94733820e-03
  6.85398211e+02  -2.91801170e-03
  6.92286578e+02  -2.88897700e-03
  6.99244174e+02  -2.86023120e-03
  7.06271695e+02  -2.83177142e-03
  7.13369843e+02  -2.80359482e-03
  7.20539329e+02  -2.77569859e-03
  7.27780870e+02  -2.74807993e-03
  7.35095189e+02  -2.72073608e-03
  7.42483019e+02  -2.69366430e-03
  7.49945097e+02  -2.66686189e-03
  7.57482171e+02  -2.64032617e-03
  7.65094993e+02  -2.61405449e-03
  7.72784326e+02  -2.58804421e-03
  7.80550937e+02  -2.56229274e-03
  7.88395604e+02  -2.53679750e-03
  7.96319112e+02  -2.51155595e-03
  8.04322252e+02  -2.48656555e-03
  8.12405825e+02  -2.46182381e-03
  8.20570639e+02  -2.43732825e-03
  8.28817511e+02  -2.41307643e-03
  8.37147266e+02  -2.38906592e-03
  8.45560736e+02  -2.36529431e-03
  8.54058763e+02  -2.34175924e-03
  8.62642196e+02  -2.31845835e-03
  8.71311894e+02  -2.29538930e-03
  8.80068724e+02  -2.27254980e-03
  8.88913562e+02  -2.24993755e-03
  8.97847292e+02  -2.22755030e-03
  9.06870807e+02  -2.20538580e-03
  9.15985010e+02  -2.18344184e-03
  9.25190812e+02  -2.16171624e-03
  9.34489135e+02  -2.14020680e-03
  9.43880907e+02  -2.11891139e-03
  9.53367067e+02  -2.09782787e-03
  9.62948566e+02  -2.07695413e-03
  9.72626360e+02  -2.05628809e-03
  9.82401417e+02  -2.03582768e-03
  9.92274716e+02  -2.01557086e-03
